Added Component: Designator=U9(LQFP48 7X7)
Added Pin To Net: NetName=VCC3.3 Pin=U9-1
Added Pin To Net: NetName=NetR34_1 Pin=U9-2
Added Pin To Net: NetName=OM_TEST Pin=U9-3
Added Pin To Net: NetName=OM_RST Pin=U9-4
Added Pin To Net: NetName=OSC_I Pin=U9-5
Added Pin To Net: NetName=OSC_O Pin=U9-6
Added Pin To Net: NetName=NRST Pin=U9-7
Added Pin To Net: NetName=GND Pin=U9-8
Added Pin To Net: NetName=VCC3.3 Pin=U9-9
Added Pin To Net: NetName=NetR11_2 Pin=U9-10
Added Pin To Net: NetName=NetJ2_2 Pin=U9-11
Added Pin To Net: NetName=U2_RX Pin=U9-12
Added Pin To Net: NetName=U2_TX Pin=U9-13
Added Pin To Net: NetName=ESP_EN Pin=U9-14
Added Pin To Net: NetName=ESP_BOOT Pin=U9-15
Added Pin To Net: NetName=NetP2_1 Pin=U9-16
Added Pin To Net: NetName=NetP1_1 Pin=U9-17
Added Pin To Net: NetName=NetP3_1 Pin=U9-18
Added Pin To Net: NetName=NetP4_1 Pin=U9-19
Added Pin To Net: NetName=NetU4_6 Pin=U9-20
Added Pin To Net: NetName=NetC41_2 Pin=U9-22
Added Pin To Net: NetName=GND Pin=U9-23
Added Pin To Net: NetName=VCC3.3 Pin=U9-24
Added Pin To Net: NetName=NetU4_2 Pin=U9-25
Added Pin To Net: NetName=NetU4_3 Pin=U9-26
Added Pin To Net: NetName=NetU4_5 Pin=U9-27
Added Pin To Net: NetName=NetU4_4 Pin=U9-28
Added Pin To Net: NetName=NetU4_1 Pin=U9-29
Added Pin To Net: NetName=U1TX Pin=U9-30
Added Pin To Net: NetName=U1RX Pin=U9-31
Added Pin To Net: NetName=NetR6_1 Pin=U9-32
Added Pin To Net: NetName=NetR3_1 Pin=U9-33
Added Pin To Net: NetName=SWDIO Pin=U9-34
Added Pin To Net: NetName=GND Pin=U9-35
Added Pin To Net: NetName=VCC3.3 Pin=U9-36
Added Pin To Net: NetName=SWCLK Pin=U9-37
Added Pin To Net: NetName=ESP_MOD Pin=U9-38
Added Pin To Net: NetName=NetU6_12 Pin=U9-40
Added Pin To Net: NetName=ESP_RST Pin=U9-41
Added Pin To Net: NetName=I2C1_SCL Pin=U9-42
Added Pin To Net: NetName=I2C1_SDL Pin=U9-43
Added Pin To Net: NetName=BOOT0 Pin=U9-44
Added Pin To Net: NetName=NetD11_2 Pin=U9-45
Added Pin To Net: NetName=NetD9_2 Pin=U9-46
Added Pin To Net: NetName=GND Pin=U9-47
Added Pin To Net: NetName=VCC3.3 Pin=U9-48
Added Member To Class: ClassName=U_MCU_F1 Member=Component U9 STM32F103C8T6
Added Room: Name=U_ESP8266
Added Room: Name=U_LED
Added Room: Name=U_MCU_F1
Added Room: Name=U_Motor
Added Room: Name=U_NRF2401
Added Room: Name=U_OpenMV
Added Room: Name=U_Power&typec
Added Room: Name=U_Sensors
