Removed Pin From Net: NetName=GND Pin=C39-1
Removed Pin From Net: NetName=VCC3.3 Pin=C39-2
Removed Pin From Net: NetName=GND Pin=C41-1
Removed Member From Class: ClassName=U_MCU_F1 Member=C39
Removed Member From Class: ClassName=U_MCU_F1 Member=C41
Added Pin To Net: NetName=NetJ2_3 Pin=J2-3
Added Pin To Net: NetName=NetJ2_3 Pin=U9-30
Added Net: Name=NetJ2_3
Added Pin To Net: NetName=NetJ2_4 Pin=J2-4
Added Pin To Net: NetName=NetJ2_4 Pin=U9-31
Added Net: Name=NetJ2_4
Added Pin To Net: NetName=U3RX Pin=U9-21
Added Pin To Net: NetName=U3RX Pin=U10-2
Added Net: Name=U3RX
Added Pin To Net: NetName=U3TX Pin=U9-22
Added Pin To Net: NetName=U3TX Pin=U10-3
Added Net: Name=U3TX
Added Room: Name=U_ESP8266
Added Room: Name=U_LED
Added Room: Name=U_MCU_F1
Added Room: Name=U_Motor
Added Room: Name=U_NRF2401
Added Room: Name=U_OpenMV
Added Room: Name=U_Power&typec
Added Room: Name=U_Sensors
