Removed Pin From Net: NetName=NetD3_A Pin=L4-1
Removed Pin From Net: NetName=VBAT_OUT Pin=L4-2
Removed Member From Class: ClassName=U_Power&typec Member=L2
Removed Member From Class: ClassName=U_Power&typec Member=L3
Removed Member From Class: ClassName=U_Power&typec Member=L4
Change Component Designator: OldDesignator=L5 NewDesignator=L2
Change Component Designator: OldDesignator=L6 NewDesignator=L3
Change Component Designator: OldDesignator=L7 NewDesignator=L4
Added Pin To Net: NetName=VBAT_OUT Pin=L1-1
Added Pin To Net: NetName=NetD3_A Pin=L1-2
Change Net Name : Old Net Name=NetL5_1 New Net Name=NetL2_1
Change Net Name : Old Net Name=NetL6_1 New Net Name=NetL3_1
Added Room: Name=U_ESP8266
Added Room: Name=U_LED
Added Room: Name=U_MCU_F1
Added Room: Name=U_Motor
Added Room: Name=U_NRF2401
Added Room: Name=U_OpenMV
Added Room: Name=U_Power&typec
Added Room: Name=U_Sensors
