Added Component: Designator=*1(TYPE-C-16P)
Added Component: Designator=Battery1(BAT)
Added Component: Designator=C1(0603P)
Added Component: Designator=C2(0603P)
Added Component: Designator=C3(0603P)
Added Component: Designator=C4(0603P)
Added Component: Designator=C5(0603P)
Added Component: Designator=C6(0603P)
Added Component: Designator=C7(0603P)
Added Component: Designator=C8(0603P)
Added Component: Designator=C9(0603P)
Added Component: Designator=C10(0603P)
Added Component: Designator=C11(0603P)
Added Component: Designator=C12(0603P)
Added Component: Designator=C13(0603P)
Added Component: Designator=C14(0603P)
Added Component: Designator=C15(0603P)
Added Component: Designator=C16(0603P)
Added Component: Designator=C17(0603P)
Added Component: Designator=C18(0603P)
Added Component: Designator=C19(0603P)
Added Component: Designator=C20(0603P)
Added Component: Designator=C21(0603P)
Added Component: Designator=C22(0603P)
Added Component: Designator=C23(0603P)
Added Component: Designator=C24(0603P)
Added Component: Designator=C25(0603P)
Added Component: Designator=C26(0603P)
Added Component: Designator=C27(0603P)
Added Component: Designator=C28(0603P)
Added Component: Designator=C29(0603P)
Added Component: Designator=C30(0603P)
Added Component: Designator=C31(0603P)
Added Component: Designator=C32(0603P)
Added Component: Designator=C33(0603P)
Added Component: Designator=C34(0603P)
Added Component: Designator=C35(0603P)
Added Component: Designator=C36(0603P)
Added Component: Designator=C37(0603P)
Added Component: Designator=C38(0603P)
Added Component: Designator=C39(0603P)
Added Component: Designator=C40(0603P)
Added Component: Designator=C41(0603P)
Added Component: Designator=C42(0603P)
Added Component: Designator=C43(0603P)
Added Component: Designator=C44(0603P)
Added Component: Designator=C45(0603P)
Added Component: Designator=C46(0603P)
Added Component: Designator=C47(0603P)
Added Component: Designator=D1(LED-0603)
Added Component: Designator=D2(SOT23-3M)
Added Component: Designator=D3(SMA/DO-214AC)
Added Component: Designator=D4(LED-0603)
Added Component: Designator=D5(DIODE_SOP)
Added Component: Designator=D6(DIODE_SOP)
Added Component: Designator=D7(DIODE_SOP)
Added Component: Designator=D8(DIODE_SOP)
Added Component: Designator=D9(RGB_LED_5050)
Added Component: Designator=D10(RGB_LED_5050)
Added Component: Designator=D11(LED-0603)
Added Component: Designator=D12(RGB_LED_5050)
Added Component: Designator=D13(RGB_LED_5050)
Added Component: Designator=D14(DIODE_SOP)
Added Component: Designator=E1(ANT)
Added Component: Designator=IC1(SOT23-5M)
Added Component: Designator=J1(Pin HDR1X8/2.54mm-S)
Added Component: Designator=J2(Pin HDR1X8/2.54mm-S)
Added Component: Designator=L1(AL0204)
Added Component: Designator=L2(AL0204)
Added Component: Designator=L3(AL0204)
Added Component: Designator=L4(L_SOP74)
Added Component: Designator=L5(AL0204)
Added Component: Designator=L6(AL0204)
Added Component: Designator=L7(AL0204)
Added Component: Designator=M1(MOTOR)
Added Component: Designator=M2(MOTOR)
Added Component: Designator=M3(MOTOR)
Added Component: Designator=M4(MOTOR)
Added Component: Designator=P1(HEADER1)
Added Component: Designator=P2(HEADER1)
Added Component: Designator=P3(HEADER1)
Added Component: Designator=P4(HEADER1)
Added Component: Designator=P5(HEADER1)
Added Component: Designator=P6(HDR1X4)
Added Component: Designator=Q1(SOT23-3M)
Added Component: Designator=Q2(SOT23-3M)
Added Component: Designator=Q3(SOT23-3M)
Added Component: Designator=Q4(SOT23-3M)
Added Component: Designator=Q5(SOT23-3M)
Added Component: Designator=Q6(SOT-23R)
Added Component: Designator=Q7(SOT-23R)
Added Component: Designator=Q8(SOT-23R)
Added Component: Designator=R1(0603P)
Added Component: Designator=R2(0603P)
Added Component: Designator=R3(0603P)
Added Component: Designator=R4(0603P)
Added Component: Designator=R5(0603P)
Added Component: Designator=R6(0603P)
Added Component: Designator=R7(0603P)
Added Component: Designator=R8(0603P)
Added Component: Designator=R9(0603P)
Added Component: Designator=R10(0603P)
Added Component: Designator=R11(0603P)
Added Component: Designator=R12(0603P)
Added Component: Designator=R13(0603P)
Added Component: Designator=R14(0603P)
Added Component: Designator=R15(0603P)
Added Component: Designator=R16(0603P)
Added Component: Designator=R17(0603P)
Added Component: Designator=R18(0603P)
Added Component: Designator=R19(0603P)
Added Component: Designator=R20(0603P)
Added Component: Designator=R21(0603P)
Added Component: Designator=R22(0603P)
Added Component: Designator=R23(0603P)
Added Component: Designator=R24(0603P)
Added Component: Designator=R25(0603P)
Added Component: Designator=R26(0603P)
Added Component: Designator=R27(0603P)
Added Component: Designator=R28(0603P)
Added Component: Designator=R29(0603P)
Added Component: Designator=R30(0603P)
Added Component: Designator=R31(0603P)
Added Component: Designator=R32(0603P)
Added Component: Designator=R33(0603P)
Added Component: Designator=R34(0603P)
Added Component: Designator=R35(0603P)
Added Component: Designator=R36(0603P)
Added Component: Designator=R37(0603P)
Added Component: Designator=R38(0603P)
Added Component: Designator=R39(0603P)
Added Component: Designator=R40(0603P)
Added Component: Designator=RESET?(KEY_M)
Added Component: Designator=S1(SWITCH_PWR)
Added Component: Designator=U1(SOT23-6)
Added Component: Designator=U2(SOT23-3M)
Added Component: Designator=U3(SOT23-3M)
Added Component: Designator=U4(QFN20)
Added Component: Designator=U5(LGA-2_5X2MM)
Added Component: Designator=U6(QFN24-0.4)
Added Component: Designator=U7(LGA-2_5X2MM)
Added Component: Designator=U8(ESP_12)
Added Component: Designator=U10(SOP16M)
Added Component: Designator=USB_SLAVE?(USB/SM0.8-6H5)
Added Component: Designator=XTAL1(SMD-3225_4P)
Added Component: Designator=Y1(SMD-cstse800G52-r0)
Added Component: Designator=Y2(XTAL_US)
Added Pin To Net: NetName=BAT Pin=IC1-3
Added Pin To Net: NetName=BAT Pin=S1-3
Added Net: Name=BAT
Added Pin To Net: NetName=BOOT0 Pin=J1-7
Added Pin To Net: NetName=BOOT0 Pin=R31-2
Added Pin To Net: NetName=BOOT0 Pin=R40-2
Added Net: Name=BOOT0
Added Pin To Net: NetName=CH340D+ Pin=U10-5
Added Pin To Net: NetName=CH340D+ Pin=USB_SLAVE?-3
Added Net: Name=CH340D+
Added Pin To Net: NetName=CH340D- Pin=U10-6
Added Pin To Net: NetName=CH340D- Pin=USB_SLAVE?-2
Added Net: Name=CH340D-
Added Pin To Net: NetName=ESP_BOOT Pin=U8-18
Added Net: Name=ESP_BOOT
Added Pin To Net: NetName=ESP_EN Pin=R27-1
Added Net: Name=ESP_EN
Added Pin To Net: NetName=ESP_MOD Pin=U8-19
Added Net: Name=ESP_MOD
Added Pin To Net: NetName=ESP_RST Pin=U8-1
Added Net: Name=ESP_RST
Added Pin To Net: NetName=GND Pin=*1-A1
Added Pin To Net: NetName=GND Pin=*1-A12
Added Pin To Net: NetName=GND Pin=*1-B1
Added Pin To Net: NetName=GND Pin=*1-B12
Added Pin To Net: NetName=GND Pin=Battery1-2
Added Pin To Net: NetName=GND Pin=C1-2
Added Pin To Net: NetName=GND Pin=C3-2
Added Pin To Net: NetName=GND Pin=C4-2
Added Pin To Net: NetName=GND Pin=C5-2
Added Pin To Net: NetName=GND Pin=C6-2
Added Pin To Net: NetName=GND Pin=C7-2
Added Pin To Net: NetName=GND Pin=C8-2
Added Pin To Net: NetName=GND Pin=C19-1
Added Pin To Net: NetName=GND Pin=C20-1
Added Pin To Net: NetName=GND Pin=C21-1
Added Pin To Net: NetName=GND Pin=C22-1
Added Pin To Net: NetName=GND Pin=C23-2
Added Pin To Net: NetName=GND Pin=C28-1
Added Pin To Net: NetName=GND Pin=C29-1
Added Pin To Net: NetName=GND Pin=C30-1
Added Pin To Net: NetName=GND Pin=C31-1
Added Pin To Net: NetName=GND Pin=C32-1
Added Pin To Net: NetName=GND Pin=C33-1
Added Pin To Net: NetName=GND Pin=C34-1
Added Pin To Net: NetName=GND Pin=C35-1
Added Pin To Net: NetName=GND Pin=C36-2
Added Pin To Net: NetName=GND Pin=C37-1
Added Pin To Net: NetName=GND Pin=C38-1
Added Pin To Net: NetName=GND Pin=C39-1
Added Pin To Net: NetName=GND Pin=C40-1
Added Pin To Net: NetName=GND Pin=C41-1
Added Pin To Net: NetName=GND Pin=C42-2
Added Pin To Net: NetName=GND Pin=C43-2
Added Pin To Net: NetName=GND Pin=C44-1
Added Pin To Net: NetName=GND Pin=C45-1
Added Pin To Net: NetName=GND Pin=C46-1
Added Pin To Net: NetName=GND Pin=C47-1
Added Pin To Net: NetName=GND Pin=D4-2
Added Pin To Net: NetName=GND Pin=D9-1
Added Pin To Net: NetName=GND Pin=D10-1
Added Pin To Net: NetName=GND Pin=D12-1
Added Pin To Net: NetName=GND Pin=D13-1
Added Pin To Net: NetName=GND Pin=IC1-2
Added Pin To Net: NetName=GND Pin=J1-1
Added Pin To Net: NetName=GND Pin=P6-3
Added Pin To Net: NetName=GND Pin=Q1-2
Added Pin To Net: NetName=GND Pin=Q2-2
Added Pin To Net: NetName=GND Pin=Q3-2
Added Pin To Net: NetName=GND Pin=Q4-2
Added Pin To Net: NetName=GND Pin=Q6-1
Added Pin To Net: NetName=GND Pin=R1-2
Added Pin To Net: NetName=GND Pin=R9-2
Added Pin To Net: NetName=GND Pin=R12-2
Added Pin To Net: NetName=GND Pin=R15-1
Added Pin To Net: NetName=GND Pin=R20-1
Added Pin To Net: NetName=GND Pin=R21-1
Added Pin To Net: NetName=GND Pin=R24-1
Added Pin To Net: NetName=GND Pin=R25-1
Added Pin To Net: NetName=GND Pin=R29-2
Added Pin To Net: NetName=GND Pin=R31-1
Added Pin To Net: NetName=GND Pin=R32-1
Added Pin To Net: NetName=GND Pin=R35-1
Added Pin To Net: NetName=GND Pin=RESET?-1
Added Pin To Net: NetName=GND Pin=RESET?-1
Added Pin To Net: NetName=GND Pin=U1-2
Added Pin To Net: NetName=GND Pin=U2-1
Added Pin To Net: NetName=GND Pin=U3-1
Added Pin To Net: NetName=GND Pin=U5-1
Added Pin To Net: NetName=GND Pin=U5-5
Added Pin To Net: NetName=GND Pin=U5-7
Added Pin To Net: NetName=GND Pin=U6-11
Added Pin To Net: NetName=GND Pin=U6-18
Added Pin To Net: NetName=GND Pin=U6-20
Added Pin To Net: NetName=GND Pin=U7-1
Added Pin To Net: NetName=GND Pin=U7-7
Added Pin To Net: NetName=GND Pin=U8-15
Added Pin To Net: NetName=GND Pin=U10-1
Added Pin To Net: NetName=GND Pin=USB_SLAVE?-5
Added Pin To Net: NetName=GND Pin=Y1-3
Added Net: Name=GND
Added Pin To Net: NetName=I2C1_SCL Pin=R16-2
Added Pin To Net: NetName=I2C1_SCL Pin=U5-4
Added Pin To Net: NetName=I2C1_SCL Pin=U6-23
Added Pin To Net: NetName=I2C1_SCL Pin=U7-4
Added Net: Name=I2C1_SCL
Added Pin To Net: NetName=I2C1_SDL Pin=R17-2
Added Pin To Net: NetName=I2C1_SDL Pin=U5-3
Added Pin To Net: NetName=I2C1_SDL Pin=U6-24
Added Pin To Net: NetName=I2C1_SDL Pin=U7-3
Added Net: Name=I2C1_SDL
Added Pin To Net: NetName=LED2 Pin=D9-4
Added Pin To Net: NetName=LED2 Pin=D10-2
Added Net: Name=LED2
Added Pin To Net: NetName=LED3 Pin=D10-4
Added Pin To Net: NetName=LED3 Pin=D12-2
Added Net: Name=LED3
Added Pin To Net: NetName=LED4 Pin=D12-4
Added Pin To Net: NetName=LED4 Pin=D13-2
Added Net: Name=LED4
Added Pin To Net: NetName=NetC1_1 Pin=C1-1
Added Pin To Net: NetName=NetC1_1 Pin=IC1-4
Added Pin To Net: NetName=NetC1_1 Pin=R4-2
Added Pin To Net: NetName=NetC1_1 Pin=R5-2
Added Net: Name=NetC1_1
Added Pin To Net: NetName=NetC2_1 Pin=C2-1
Added Pin To Net: NetName=NetC2_1 Pin=C4-1
Added Pin To Net: NetName=NetC2_1 Pin=D2-2
Added Pin To Net: NetName=NetC2_1 Pin=D3-K
Added Pin To Net: NetName=NetC2_1 Pin=R7-2
Added Net: Name=NetC2_1
Added Pin To Net: NetName=NetC2_2 Pin=C2-2
Added Pin To Net: NetName=NetC2_2 Pin=R7-1
Added Pin To Net: NetName=NetC2_2 Pin=R9-1
Added Pin To Net: NetName=NetC2_2 Pin=U1-3
Added Net: Name=NetC2_2
Added Pin To Net: NetName=NetC9_2 Pin=C9-2
Added Pin To Net: NetName=NetC9_2 Pin=C10-2
Added Pin To Net: NetName=NetC9_2 Pin=C11-2
Added Pin To Net: NetName=NetC9_2 Pin=C12-2
Added Pin To Net: NetName=NetC9_2 Pin=R14-2
Added Pin To Net: NetName=NetC9_2 Pin=U4-7
Added Pin To Net: NetName=NetC9_2 Pin=U4-15
Added Pin To Net: NetName=NetC9_2 Pin=U4-18
Added Pin To Net: NetName=NetC9_2 Pin=U4-19
Added Net: Name=NetC9_2
Added Pin To Net: NetName=NetC13_1 Pin=C13-1
Added Pin To Net: NetName=NetC13_1 Pin=L5-2
Added Net: Name=NetC13_1
Added Pin To Net: NetName=NetC13_2 Pin=C13-2
Added Pin To Net: NetName=NetC13_2 Pin=C14-2
Added Pin To Net: NetName=NetC13_2 Pin=E1-1
Added Net: Name=NetC13_2
Added Pin To Net: NetName=NetC15_1 Pin=C15-1
Added Pin To Net: NetName=NetC15_1 Pin=C16-1
Added Pin To Net: NetName=NetC15_1 Pin=L7-2
Added Pin To Net: NetName=NetC15_1 Pin=U4-11
Added Net: Name=NetC15_1
Added Pin To Net: NetName=NetC17_1 Pin=C17-1
Added Pin To Net: NetName=NetC17_1 Pin=U4-9
Added Pin To Net: NetName=NetC17_1 Pin=XTAL1-1
Added Net: Name=NetC17_1
Added Pin To Net: NetName=NetC18_1 Pin=C18-1
Added Pin To Net: NetName=NetC18_1 Pin=U4-10
Added Pin To Net: NetName=NetC18_1 Pin=XTAL1-3
Added Net: Name=NetC18_1
Added Pin To Net: NetName=NetC23_1 Pin=C23-1
Added Pin To Net: NetName=NetC23_1 Pin=U6-10
Added Net: Name=NetC23_1
Added Pin To Net: NetName=NetC24_1 Pin=C24-1
Added Pin To Net: NetName=NetC24_1 Pin=D5-1
Added Pin To Net: NetName=NetC24_1 Pin=M1-2
Added Pin To Net: NetName=NetC24_1 Pin=Q1-3
Added Net: Name=NetC24_1
Added Pin To Net: NetName=NetC25_1 Pin=C25-1
Added Pin To Net: NetName=NetC25_1 Pin=D6-1
Added Pin To Net: NetName=NetC25_1 Pin=M2-2
Added Pin To Net: NetName=NetC25_1 Pin=Q2-3
Added Net: Name=NetC25_1
Added Pin To Net: NetName=NetC26_1 Pin=C26-1
Added Pin To Net: NetName=NetC26_1 Pin=D7-1
Added Pin To Net: NetName=NetC26_1 Pin=M3-2
Added Pin To Net: NetName=NetC26_1 Pin=Q3-3
Added Net: Name=NetC26_1
Added Pin To Net: NetName=NetC27_1 Pin=C27-1
Added Pin To Net: NetName=NetC27_1 Pin=D8-1
Added Pin To Net: NetName=NetC27_1 Pin=M4-2
Added Pin To Net: NetName=NetC27_1 Pin=Q4-3
Added Net: Name=NetC27_1
Added Pin To Net: NetName=NetC36_1 Pin=C36-1
Added Pin To Net: NetName=NetC36_1 Pin=R36-1
Added Pin To Net: NetName=NetC36_1 Pin=RESET?-2
Added Pin To Net: NetName=NetC36_1 Pin=RESET?-2
Added Net: Name=NetC36_1
Added Pin To Net: NetName=NetC41_2 Pin=C41-2
Added Net: Name=NetC41_2
Added Pin To Net: NetName=NetC45_2 Pin=C45-2
Added Pin To Net: NetName=NetC45_2 Pin=U10-4
Added Net: Name=NetC45_2
Added Pin To Net: NetName=NetC46_2 Pin=C46-2
Added Pin To Net: NetName=NetC46_2 Pin=U10-7
Added Pin To Net: NetName=NetC46_2 Pin=Y2-2
Added Net: Name=NetC46_2
Added Pin To Net: NetName=NetC47_2 Pin=C47-2
Added Pin To Net: NetName=NetC47_2 Pin=U10-8
Added Pin To Net: NetName=NetC47_2 Pin=Y2-1
Added Net: Name=NetC47_2
Added Pin To Net: NetName=NetD1_2 Pin=D1-2
Added Pin To Net: NetName=NetD1_2 Pin=IC1-1
Added Net: Name=NetD1_2
Added Pin To Net: NetName=NetD3_A Pin=D3-A
Added Pin To Net: NetName=NetD3_A Pin=L4-1
Added Pin To Net: NetName=NetD3_A Pin=U1-1
Added Net: Name=NetD3_A
Added Pin To Net: NetName=NetD4_1 Pin=D4-1
Added Pin To Net: NetName=NetD4_1 Pin=R10-2
Added Net: Name=NetD4_1
Added Pin To Net: NetName=NetD9_2 Pin=D9-2
Added Net: Name=NetD9_2
Added Pin To Net: NetName=NetD11_2 Pin=D11-2
Added Net: Name=NetD11_2
Added Pin To Net: NetName=NetD13_4 Pin=D13-4
Added Pin To Net: NetName=NetD13_4 Pin=P5-1
Added Net: Name=NetD13_4
Added Pin To Net: NetName=NetD14_2 Pin=D14-2
Added Pin To Net: NetName=NetD14_2 Pin=Q7-3
Added Pin To Net: NetName=NetD14_2 Pin=R37-1
Added Net: Name=NetD14_2
Added Pin To Net: NetName=NetIC1_5 Pin=IC1-5
Added Pin To Net: NetName=NetIC1_5 Pin=R1-1
Added Net: Name=NetIC1_5
Added Pin To Net: NetName=NetJ2_2 Pin=J2-2
Added Net: Name=NetJ2_2
Added Pin To Net: NetName=NetL2_1 Pin=L2-1
Added Pin To Net: NetName=NetL2_1 Pin=L3-1
Added Net: Name=NetL2_1
Added Pin To Net: NetName=NetL2_2 Pin=L2-2
Added Pin To Net: NetName=NetL2_2 Pin=L3-2
Added Net: Name=NetL2_2
Added Pin To Net: NetName=NetL5_1 Pin=L5-1
Added Pin To Net: NetName=NetL5_1 Pin=L6-2
Added Pin To Net: NetName=NetL5_1 Pin=U4-13
Added Net: Name=NetL5_1
Added Pin To Net: NetName=NetL6_1 Pin=L6-1
Added Pin To Net: NetName=NetL6_1 Pin=L7-1
Added Pin To Net: NetName=NetL6_1 Pin=U4-12
Added Net: Name=NetL6_1
Added Pin To Net: NetName=NetP1_1 Pin=P1-1
Added Pin To Net: NetName=NetP1_1 Pin=R18-2
Added Net: Name=NetP1_1
Added Pin To Net: NetName=NetP2_1 Pin=P2-1
Added Pin To Net: NetName=NetP2_1 Pin=R19-2
Added Net: Name=NetP2_1
Added Pin To Net: NetName=NetP3_1 Pin=P3-1
Added Pin To Net: NetName=NetP3_1 Pin=R22-2
Added Net: Name=NetP3_1
Added Pin To Net: NetName=NetP4_1 Pin=P4-1
Added Pin To Net: NetName=NetP4_1 Pin=R23-2
Added Net: Name=NetP4_1
Added Pin To Net: NetName=NetQ1_1 Pin=Q1-1
Added Pin To Net: NetName=NetQ1_1 Pin=R18-1
Added Pin To Net: NetName=NetQ1_1 Pin=R20-2
Added Net: Name=NetQ1_1
Added Pin To Net: NetName=NetQ2_1 Pin=Q2-1
Added Pin To Net: NetName=NetQ2_1 Pin=R19-1
Added Pin To Net: NetName=NetQ2_1 Pin=R21-2
Added Net: Name=NetQ2_1
Added Pin To Net: NetName=NetQ3_1 Pin=Q3-1
Added Pin To Net: NetName=NetQ3_1 Pin=R22-1
Added Pin To Net: NetName=NetQ3_1 Pin=R24-2
Added Net: Name=NetQ3_1
Added Pin To Net: NetName=NetQ4_1 Pin=Q4-1
Added Pin To Net: NetName=NetQ4_1 Pin=R23-1
Added Pin To Net: NetName=NetQ4_1 Pin=R25-2
Added Net: Name=NetQ4_1
Added Pin To Net: NetName=NetQ5_1 Pin=Q5-1
Added Pin To Net: NetName=NetQ5_1 Pin=Q6-3
Added Pin To Net: NetName=NetQ5_1 Pin=R33-1
Added Net: Name=NetQ5_1
Added Pin To Net: NetName=NetQ6_2 Pin=Q6-2
Added Pin To Net: NetName=NetQ6_2 Pin=R34-2
Added Pin To Net: NetName=NetQ6_2 Pin=R35-2
Added Net: Name=NetQ6_2
Added Pin To Net: NetName=NetQ7_1 Pin=Q7-1
Added Pin To Net: NetName=NetQ7_1 Pin=R39-1
Added Pin To Net: NetName=NetQ7_1 Pin=U10-14
Added Net: Name=NetQ7_1
Added Pin To Net: NetName=NetQ7_2 Pin=Q7-2
Added Pin To Net: NetName=NetQ7_2 Pin=R38-2
Added Net: Name=NetQ7_2
Added Pin To Net: NetName=NetQ8_2 Pin=Q8-2
Added Pin To Net: NetName=NetQ8_2 Pin=R39-2
Added Net: Name=NetQ8_2
Added Pin To Net: NetName=NetQ8_3 Pin=Q8-3
Added Pin To Net: NetName=NetQ8_3 Pin=R40-1
Added Net: Name=NetQ8_3
Added Pin To Net: NetName=NetR3_1 Pin=R3-1
Added Net: Name=NetR3_1
Added Pin To Net: NetName=NetR6_1 Pin=R6-1
Added Net: Name=NetR6_1
Added Pin To Net: NetName=NetR8_2 Pin=R8-2
Added Pin To Net: NetName=NetR8_2 Pin=U1-4
Added Net: Name=NetR8_2
Added Pin To Net: NetName=NetR11_2 Pin=R11-2
Added Pin To Net: NetName=NetR11_2 Pin=R12-1
Added Net: Name=NetR11_2
Added Pin To Net: NetName=NetR13_1 Pin=R13-1
Added Pin To Net: NetName=NetR13_1 Pin=U4-16
Added Net: Name=NetR13_1
Added Pin To Net: NetName=NetR26_1 Pin=R26-1
Added Pin To Net: NetName=NetR26_1 Pin=U8-22
Added Net: Name=NetR26_1
Added Pin To Net: NetName=NetR27_2 Pin=R27-2
Added Pin To Net: NetName=NetR27_2 Pin=U8-3
Added Net: Name=NetR27_2
Added Pin To Net: NetName=NetR28_1 Pin=R28-1
Added Pin To Net: NetName=NetR28_1 Pin=U8-21
Added Net: Name=NetR28_1
Added Pin To Net: NetName=NetR34_1 Pin=R34-1
Added Net: Name=NetR34_1
Added Pin To Net: NetName=NetR38_1 Pin=R38-1
Added Pin To Net: NetName=NetR38_1 Pin=U10-13
Added Net: Name=NetR38_1
Added Pin To Net: NetName=NetU4_1 Pin=U4-1
Added Net: Name=NetU4_1
Added Pin To Net: NetName=NetU4_2 Pin=U4-2
Added Net: Name=NetU4_2
Added Pin To Net: NetName=NetU4_3 Pin=U4-3
Added Net: Name=NetU4_3
Added Pin To Net: NetName=NetU4_4 Pin=U4-4
Added Net: Name=NetU4_4
Added Pin To Net: NetName=NetU4_5 Pin=U4-5
Added Net: Name=NetU4_5
Added Pin To Net: NetName=NetU4_6 Pin=U4-6
Added Net: Name=NetU4_6
Added Pin To Net: NetName=NetU6_12 Pin=U6-12
Added Net: Name=NetU6_12
Added Pin To Net: NetName=NRST Pin=D14-1
Added Net: Name=NRST
Added Pin To Net: NetName=OM_5V Pin=J1-2
Added Pin To Net: NetName=OM_5V Pin=Q5-3
Added Net: Name=OM_5V
Added Pin To Net: NetName=OM_P0 Pin=J2-8
Added Pin To Net: NetName=OM_P0 Pin=U8-6
Added Net: Name=OM_P0
Added Pin To Net: NetName=OM_P1 Pin=J2-7
Added Pin To Net: NetName=OM_P1 Pin=U8-7
Added Net: Name=OM_P1
Added Pin To Net: NetName=OM_P2 Pin=J2-6
Added Pin To Net: NetName=OM_P2 Pin=U8-5
Added Net: Name=OM_P2
Added Pin To Net: NetName=OM_P3 Pin=J2-5
Added Pin To Net: NetName=OM_P3 Pin=R29-1
Added Pin To Net: NetName=OM_P3 Pin=U8-16
Added Net: Name=OM_P3
Added Pin To Net: NetName=OM_P7 Pin=J1-3
Added Pin To Net: NetName=OM_P7 Pin=U8-20
Added Net: Name=OM_P7
Added Pin To Net: NetName=OM_P8 Pin=J1-4
Added Pin To Net: NetName=OM_P8 Pin=U8-17
Added Net: Name=OM_P8
Added Pin To Net: NetName=OM_RST Pin=J1-8
Added Pin To Net: NetName=OM_RST Pin=R30-2
Added Net: Name=OM_RST
Added Pin To Net: NetName=OM_TEST Pin=J1-6
Added Pin To Net: NetName=OM_TEST Pin=R32-2
Added Net: Name=OM_TEST
Added Pin To Net: NetName=OSC_I Pin=Y1-1
Added Net: Name=OSC_I
Added Pin To Net: NetName=OSC_O Pin=Y1-2
Added Net: Name=OSC_O
Added Pin To Net: NetName=RF_GND Pin=C9-1
Added Pin To Net: NetName=RF_GND Pin=C10-1
Added Pin To Net: NetName=RF_GND Pin=C11-1
Added Pin To Net: NetName=RF_GND Pin=C12-1
Added Pin To Net: NetName=RF_GND Pin=C14-1
Added Pin To Net: NetName=RF_GND Pin=C15-2
Added Pin To Net: NetName=RF_GND Pin=C16-2
Added Pin To Net: NetName=RF_GND Pin=C17-2
Added Pin To Net: NetName=RF_GND Pin=C18-2
Added Pin To Net: NetName=RF_GND Pin=R13-2
Added Pin To Net: NetName=RF_GND Pin=R15-2
Added Pin To Net: NetName=RF_GND Pin=U4-8
Added Pin To Net: NetName=RF_GND Pin=U4-14
Added Pin To Net: NetName=RF_GND Pin=U4-17
Added Pin To Net: NetName=RF_GND Pin=U4-20
Added Net: Name=RF_GND
Added Pin To Net: NetName=SWCLK Pin=P6-1
Added Net: Name=SWCLK
Added Pin To Net: NetName=SWDIO Pin=P6-2
Added Net: Name=SWDIO
Added Pin To Net: NetName=U1RX Pin=J2-4
Added Pin To Net: NetName=U1RX Pin=U10-2
Added Net: Name=U1RX
Added Pin To Net: NetName=U1TX Pin=J2-3
Added Pin To Net: NetName=U1TX Pin=U10-3
Added Net: Name=U1TX
Added Pin To Net: NetName=U2_RX Pin=R26-2
Added Net: Name=U2_RX
Added Pin To Net: NetName=U2_TX Pin=R28-2
Added Net: Name=U2_TX
Added Pin To Net: NetName=UD+ Pin=*1-A6
Added Pin To Net: NetName=UD+ Pin=*1-B6
Added Pin To Net: NetName=UD+ Pin=R2-1
Added Pin To Net: NetName=UD+ Pin=R3-2
Added Net: Name=UD+
Added Pin To Net: NetName=UD- Pin=*1-A7
Added Pin To Net: NetName=UD- Pin=*1-B7
Added Pin To Net: NetName=UD- Pin=R6-2
Added Net: Name=UD-
Added Pin To Net: NetName=VBAT_OUT Pin=C3-1
Added Pin To Net: NetName=VBAT_OUT Pin=C24-2
Added Pin To Net: NetName=VBAT_OUT Pin=C25-2
Added Pin To Net: NetName=VBAT_OUT Pin=C26-2
Added Pin To Net: NetName=VBAT_OUT Pin=C27-2
Added Pin To Net: NetName=VBAT_OUT Pin=D5-2
Added Pin To Net: NetName=VBAT_OUT Pin=D6-2
Added Pin To Net: NetName=VBAT_OUT Pin=D7-2
Added Pin To Net: NetName=VBAT_OUT Pin=D8-2
Added Pin To Net: NetName=VBAT_OUT Pin=L4-2
Added Pin To Net: NetName=VBAT_OUT Pin=M1-1
Added Pin To Net: NetName=VBAT_OUT Pin=M2-1
Added Pin To Net: NetName=VBAT_OUT Pin=M3-1
Added Pin To Net: NetName=VBAT_OUT Pin=M4-1
Added Pin To Net: NetName=VBAT_OUT Pin=R8-1
Added Pin To Net: NetName=VBAT_OUT Pin=S1-1
Added Pin To Net: NetName=VBAT_OUT Pin=U1-5
Added Net: Name=VBAT_OUT
Added Pin To Net: NetName=VBAT Pin=Battery1-1
Added Pin To Net: NetName=VBAT Pin=R11-1
Added Pin To Net: NetName=VBAT Pin=S1-2
Added Net: Name=VBAT
Added Pin To Net: NetName=VCC3.3A Pin=C8-1
Added Pin To Net: NetName=VCC3.3A Pin=C32-2
Added Pin To Net: NetName=VCC3.3A Pin=C33-2
Added Pin To Net: NetName=VCC3.3A Pin=U3-2
Added Pin To Net: NetName=VCC3.3A Pin=U8-8
Added Net: Name=VCC3.3A
Added Pin To Net: NetName=VCC3.3 Pin=C6-1
Added Pin To Net: NetName=VCC3.3 Pin=C19-2
Added Pin To Net: NetName=VCC3.3 Pin=C20-2
Added Pin To Net: NetName=VCC3.3 Pin=C21-2
Added Pin To Net: NetName=VCC3.3 Pin=C22-2
Added Pin To Net: NetName=VCC3.3 Pin=C34-2
Added Pin To Net: NetName=VCC3.3 Pin=C35-2
Added Pin To Net: NetName=VCC3.3 Pin=C37-2
Added Pin To Net: NetName=VCC3.3 Pin=C38-2
Added Pin To Net: NetName=VCC3.3 Pin=C39-2
Added Pin To Net: NetName=VCC3.3 Pin=C40-2
Added Pin To Net: NetName=VCC3.3 Pin=D11-1
Added Pin To Net: NetName=VCC3.3 Pin=J1-5
Added Pin To Net: NetName=VCC3.3 Pin=P6-4
Added Pin To Net: NetName=VCC3.3 Pin=Q8-1
Added Pin To Net: NetName=VCC3.3 Pin=R2-2
Added Pin To Net: NetName=VCC3.3 Pin=R10-1
Added Pin To Net: NetName=VCC3.3 Pin=R14-1
Added Pin To Net: NetName=VCC3.3 Pin=R16-1
Added Pin To Net: NetName=VCC3.3 Pin=R17-1
Added Pin To Net: NetName=VCC3.3 Pin=R30-1
Added Pin To Net: NetName=VCC3.3 Pin=R36-2
Added Pin To Net: NetName=VCC3.3 Pin=R37-2
Added Pin To Net: NetName=VCC3.3 Pin=U2-2
Added Pin To Net: NetName=VCC3.3 Pin=U5-2
Added Pin To Net: NetName=VCC3.3 Pin=U5-6
Added Pin To Net: NetName=VCC3.3 Pin=U5-8
Added Pin To Net: NetName=VCC3.3 Pin=U6-1
Added Pin To Net: NetName=VCC3.3 Pin=U6-8
Added Pin To Net: NetName=VCC3.3 Pin=U6-9
Added Pin To Net: NetName=VCC3.3 Pin=U6-13
Added Pin To Net: NetName=VCC3.3 Pin=U6-22
Added Pin To Net: NetName=VCC3.3 Pin=U7-2
Added Pin To Net: NetName=VCC3.3 Pin=U7-5
Added Pin To Net: NetName=VCC3.3 Pin=U7-6
Added Pin To Net: NetName=VCC3.3 Pin=U7-8
Added Net: Name=VCC3.3
Added Pin To Net: NetName=VCC5 Pin=C5-1
Added Pin To Net: NetName=VCC5 Pin=C7-1
Added Pin To Net: NetName=VCC5 Pin=C28-2
Added Pin To Net: NetName=VCC5 Pin=C29-2
Added Pin To Net: NetName=VCC5 Pin=C30-2
Added Pin To Net: NetName=VCC5 Pin=C31-2
Added Pin To Net: NetName=VCC5 Pin=C42-1
Added Pin To Net: NetName=VCC5 Pin=C43-1
Added Pin To Net: NetName=VCC5 Pin=C44-2
Added Pin To Net: NetName=VCC5 Pin=D2-3
Added Pin To Net: NetName=VCC5 Pin=D9-3
Added Pin To Net: NetName=VCC5 Pin=D10-3
Added Pin To Net: NetName=VCC5 Pin=D12-3
Added Pin To Net: NetName=VCC5 Pin=D13-3
Added Pin To Net: NetName=VCC5 Pin=Q5-2
Added Pin To Net: NetName=VCC5 Pin=R33-2
Added Pin To Net: NetName=VCC5 Pin=U2-3
Added Pin To Net: NetName=VCC5 Pin=U3-3
Added Pin To Net: NetName=VCC5 Pin=U10-16
Added Net: Name=VCC5
Added Pin To Net: NetName=VDDIN Pin=*1-A4
Added Pin To Net: NetName=VDDIN Pin=*1-A9
Added Pin To Net: NetName=VDDIN Pin=*1-B4
Added Pin To Net: NetName=VDDIN Pin=*1-B9
Added Pin To Net: NetName=VDDIN Pin=D1-1
Added Pin To Net: NetName=VDDIN Pin=D2-1
Added Pin To Net: NetName=VDDIN Pin=R4-1
Added Pin To Net: NetName=VDDIN Pin=R5-1
Added Pin To Net: NetName=VDDIN Pin=USB_SLAVE?-1
Added Net: Name=VDDIN
Added Class: Name=U_ESP8266
Added Class: Name=U_LED
Added Class: Name=U_MCU_F1
Added Class: Name=U_Motor
Added Class: Name=U_NRF2401
Added Class: Name=U_OpenMV
Added Class: Name=U_Power&typec
Added Class: Name=U_Sensors
Added Room: Name=U_ESP8266
Added Room: Name=U_LED
Added Room: Name=U_MCU_F1
Added Room: Name=U_Motor
Added Room: Name=U_NRF2401
Added Room: Name=U_OpenMV
Added Room: Name=U_Power&typec
Added Room: Name=U_Sensors
