Change Component Designator: Old Designator=C? New Designator=C53
Change Component Designator: Old Designator=C? New Designator=C54
Change Component Designator: Old Designator=C? New Designator=C55
Change Component Designator: Old Designator=C? New Designator=C56
Change Component Designator: Old Designator=D? New Designator=D8
Change Component Designator: Old Designator=D? New Designator=D9
Change Component Designator: Old Designator=D? New Designator=D10
Change Component Designator: Old Designator=D? New Designator=D11
Change Component Designator: Old Designator=M? New Designator=M1
Change Component Designator: Old Designator=M? New Designator=M2
Change Component Designator: Old Designator=M? New Designator=M3
Change Component Designator: Old Designator=M? New Designator=M4
Change Component Designator: Old Designator=P? New Designator=P3
Change Component Designator: Old Designator=P? New Designator=P4
Change Component Designator: Old Designator=P? New Designator=P5
Change Component Designator: Old Designator=P? New Designator=P6
Change Component Designator: Old Designator=Q? New Designator=Q3
Change Component Designator: Old Designator=Q? New Designator=Q4
Change Component Designator: Old Designator=Q? New Designator=Q5
Change Component Designator: Old Designator=Q? New Designator=Q6
Change Component Designator: Old Designator=R? New Designator=R27
Change Component Designator: Old Designator=R? New Designator=R28
Change Component Designator: Old Designator=R? New Designator=R29
Change Component Designator: Old Designator=R? New Designator=R30
Change Component Designator: Old Designator=R? New Designator=R31
Change Component Designator: Old Designator=R? New Designator=R32
Change Component Designator: Old Designator=R? New Designator=R33
Change Component Designator: Old Designator=R? New Designator=R34
