Change Component Designator: Old Designator=C53 New Designator=C24
Change Component Designator: Old Designator=C54 New Designator=C25
Change Component Designator: Old Designator=C55 New Designator=C26
Change Component Designator: Old Designator=C56 New Designator=C27
Change Component Designator: Old Designator=D8 New Designator=D5
Change Component Designator: Old Designator=D9 New Designator=D6
Change Component Designator: Old Designator=D10 New Designator=D7
Change Component Designator: Old Designator=D11 New Designator=D8
Change Component Designator: Old Designator=P3 New Designator=P1
Change Component Designator: Old Designator=P4 New Designator=P2
Change Component Designator: Old Designator=P5 New Designator=P3
Change Component Designator: Old Designator=P6 New Designator=P4
Change Component Designator: Old Designator=Q3 New Designator=Q1
Change Component Designator: Old Designator=Q4 New Designator=Q2
Change Component Designator: Old Designator=Q5 New Designator=Q3
Change Component Designator: Old Designator=Q6 New Designator=Q4
Change Component Designator: Old Designator=R27 New Designator=R18
Change Component Designator: Old Designator=R28 New Designator=R19
Change Component Designator: Old Designator=R29 New Designator=R20
Change Component Designator: Old Designator=R30 New Designator=R21
Change Component Designator: Old Designator=R31 New Designator=R22
Change Component Designator: Old Designator=R32 New Designator=R23
Change Component Designator: Old Designator=R33 New Designator=R24
Change Component Designator: Old Designator=R34 New Designator=R25
