Change Component Designator: Old Designator=* New Designator=*1
Change Component Designator: Old Designator=C24 New Designator=C1
Change Component Designator: Old Designator=C31 New Designator=C2
Change Component Designator: Old Designator=C32 New Designator=C3
Change Component Designator: Old Designator=C33 New Designator=C4
Change Component Designator: Old Designator=C34 New Designator=C5
Change Component Designator: Old Designator=C35 New Designator=C6
Change Component Designator: Old Designator=C36 New Designator=C7
Change Component Designator: Old Designator=C37 New Designator=C8
Change Component Designator: Old Designator=D3 New Designator=D1
Change Component Designator: Old Designator=D5 New Designator=D2
Change Component Designator: Old Designator=D6 New Designator=D3
Change Component Designator: Old Designator=D7 New Designator=D4
Change Component Designator: Old Designator=R9 New Designator=R1
Change Component Designator: Old Designator=R10 New Designator=R4
Change Component Designator: Old Designator=R11 New Designator=R5
Change Component Designator: Old Designator=R16 New Designator=R7
Change Component Designator: Old Designator=R17 New Designator=R8
Change Component Designator: Old Designator=R18 New Designator=R9
Change Component Designator: Old Designator=R19 New Designator=R10
Change Component Designator: Old Designator=R20 New Designator=R11
Change Component Designator: Old Designator=R21 New Designator=R12
Change Component Designator: Old Designator=R? New Designator=R2
Change Component Designator: Old Designator=R? New Designator=R3
Change Component Designator: Old Designator=R? New Designator=R6
Change Component Designator: Old Designator=U3 New Designator=U1
Change Component Designator: Old Designator=U4 New Designator=U2
Change Component Designator: Old Designator=U5 New Designator=U3
